

day20.image2{W:3, H:3, Tiles:map[int]map[int]day20.tilev2{0:map[int]day20.tilev2{0:day20.tilev2{ID:"2971000", Top:"..#.#....#", Right:"#...##.#.#", Bottom:"...#.#.#.#", Left:".###..#...", Content:[]string{"...###..", ".#.###..", "#.##..#.", "#####..#", "#..####.", "..#.#..#", ".####.##", ".#.#.###"}}, 1:day20.tilev2{ID:"2729000", Top:"...#.#.#.#", Right:"#..#......", Bottom:"#.##...##.", Left:".#....####", Content:[]string{"###.#...", ".#.#....", "...#..#.", "##..##.#", "#.####..", "###.#.#.", "#.####..", "#..#.##."}}, 2:day20.tilev2{ID:"1951000", Top:"#.##...##.", Right:".#####..#.", Bottom:"#...##.#..", Left:"##.#..#..#", Content:[]string{".####...", "....#..#", "...#####", "##.#....", "###.####", "##.##.##", "###....#", ".#.#..#."}}}, 1:map[int]day20.tilev2{0:day20.tilev2{ID:"1489000", Top:"##.#.#....", Right:".....#..#.", Bottom:"###.##.#..", Left:"#...##.#.#", Content:[]string{".##...#.", "##..##..", ".#...#..", "####...#", "..#.#.#.", "..#.#.#.", "#.#...##", ".##.##.#"}}, 1:day20.tilev2{ID:"1427000", Top:"###.##.#..", Right:"..###.#.#.", Bottom:"..##.#..#.", Left:"#..#......", Content:[]string{"#..#.##.", "#.##.#..", ".#.#.##.", "...#...#", "..##..##", "..#.####", "#.####.#", ".#..###."}}, 2:day20.tilev2{ID:"2311000", Top:"..##.#..#.", Right:"...#.##..#", Bottom:"..###..###", Left:".#####..#.", Content:[]string{"#..#....", "...##..#", "###.#...", "#.##.###", "#...#.##", "#.#.#..#", ".#....#.", "##...#.#"}}}, 2:map[int]day20.tilev2{0:day20.tilev2{ID:"1171110", Top:"...##.....", Right:".##....###", Bottom:".##...####", Left:".....#..#.", Content:[]string{"..#..###", "####.##.", "####...#", "##....##", "###.###.", "####.###", "#.#..#.#", "..#.##.."}}, 1:day20.tilev2{ID:"2473001", Top:".##...####", Right:"#....####.", Bottom:"..#.###...", Left:"..###.#.#.", Content:[]string{"######..", ".###.##.", ".###.###", ".#.#.#..", "######.#", "##.#..##", ".#.###..", "#.##...."}}, 2:day20.tilev2{ID:"3079100", Top:"..#.###...", Right:"...#....#.", Bottom:"#.#.#####.", Left:"...#.##..#", Content:[]string{".#......", ".#.###..", ".#####.#", "#...#.##", "###.#..#", "#####...", ".#......", "#..#####"}}}}}

...###..###.#....####...
.#.###...#.#........#..#
#.##..#....#..#....#####
#####..###..##.###.#....
#..####.#.####..###.####
..#.#..####.#.#.##.##.##
.####.###.####..###....#
.#.#.####..#.##..#.#..#.
.##...#.#..#.##.#..#....
##..##..#.##.#.....##..#
.#...#...#.#.##.###.#...
####...#...#...##.##.###
..#.#.#...##..###...#.##
..#.#.#...#.#####.#.#..#
#.#...###.####.#.#....#.
.##.##.#.#..###.##...#.#
.#........#..#########..
.#.###..####.##..###.##.
.#####.#####...#.###.###
#...#.####....##.#.#.#..
###.#..####.###.######.#
#####...####.#####.#..##
.#......#.#..#.#.#.###..
#..#####..#.##..#.##....

#.###....#..#.#....###..
.###.####...######..#.#.
..##.#..#####..#.##.##..
#.#..##.....#...##.#####
#.#####.#.##..#..####.##
#....##.#....##.#..#..##
#...#....###...###.#.#..
#..###..##..#...###.#...
.######..#....#######..#
..#####.#....#....#.#.##
####.###.###..#..###...#
..#..##..#.#######.#.##.
#..#....###......####..#
####..#####..#####.##...
..###.###.##.#.##.#..#..
.##.##.#.####.......#...
#.##...##.####.#.####...
.#########...#..#####..#
#..#.###..#.##...#.#...#
########....#.###.#.##.#
.#.#...#..##.##...##.###
.#.######...#......#.#..
..#..##..#.##...#.##.#..
..##.#..#.###.#..###.##.

...####....#.###..###...
#..#........#.#...###.#.
#####....#..#....#..##.#
....#.###.##..###..#####
####.###..####.#.####..#
##.##.##.#.#.####..#.#..
#....###..####.###.####.
.#..#.#..##.#..####.#.#.
....#..#.##.#..#.#...##.
#..##.....#.##.#..##..##
...#.###.##.#.#...#...#.
###.##.##...#...#...####
##.#...###..##...#.#.#..
#..#.#.#####.#...#.#.#..
.#....#.#.####.###...#.#
#.#...##.###..#.#.##.##.
..#########..#........#.
.##.###..##.####..###.#.
###.###.#...#####.#####.
..#.#.#.##....####.#...#
#.######.###.####..#.###
##..#.#####.####...#####
..###.#.#.#..#.#......#.
....##.#..##.#..#####..#

..##.#..#.###.#..###.##.
..#..##..#.##...#.##.#..
.#.######...#......#.#..
.#.#...#..##.##...##.###
########....#.###.#.##.#
#..#.###..#.##...#.#...#
.#########...#..#####..#
#.##...##.####.#.####...
.##.##.#.####.......#...
..###.###.##.#.##.#..#..
####..#####..#####.##...
#..#....###......####..#
..#..##..#.#######.#.##.
####.###.###..#..###...#
..#####.#....#....#.#.##
.######..#....#######..#
#..###..##..#...###.#...
#...#....###...###.#.#..
#....##.#....##.#..#..##
#.#####.#.##..#..####.##
#.#..##.....#...##.#####
..##.#..#####..#.##.##..
.###.####...######..#.#.
#.###....#..#.#....###..

#..#####..#.##..#.##....
.#......#.#..#.#.#.###..
#####...####.#####.#..##
###.#..####.###.######.#
#...#.####....##.#.#.#..
.#####.#####...#.###.###
.#.###..####.##..###.##.
.#........#..#########..
.##.##.#.#..###.##...#.#
#.#...###.####.#.#....#.
..#.#.#...#.#####.#.#..#
..#.#.#...##..###...#.##
####...#...#...##.##.###
.#...#...#.#.##.###.#...
##..##..#.##.#.....##..#
.##...#.#..#.##.#..#....
.#.#.####..#.##..#.#..#.
.####.###.####..###....#
..#.#..####.#.#.##.##.##
#..####.#.####..###.####
#####..###..##.###.#....
#.##..#....#..#....#####
.#.###...#.#........#..#
...###..###.#....####...

..###....#.#..#....###.#
.#.#..######...####.###.
..##.##.#..#####..#.##..
#####.##...#.....##..#.#
##.####..#..##.#.#####.#
##..#..#.##....#.##....#
..#.#.###...###....#...#
...#.###...#..##..###..#
#..#######....#..######.
##.#.#....#....#.#####..
#...###..#..###.###.####
.##.#.#######.#..##..#..
#..####......###....#..#
...##.#####..#####..####
..#..#.##.#.##.###.###..
...#.......####.#.##.##.
...####.#.####.##...##.#
#..#####..#...#########.
#...#.#...##.#..###.#..#
#.##.#.###.#....########
###.##...##.##..#...#.#.
..#.#......#...######.#.
..#.##.#...##.#..##..#..
.##.###..#.###.#..#.##..

....##.#..##.#..#####..#
..###.#.#.#..#.#......#.
##..#.#####.####...#####
#.######.###.####..#.###
..#.#.#.##....####.#...#
###.###.#...#####.#####.
.##.###..##.####..###.#.
..#########..#........#.
#.#...##.###..#.#.##.##.
.#....#.#.####.###...#.#
#..#.#.#####.#...#.#.#..
##.#...###..##...#.#.#..
###.##.##...#...#...####
...#.###.##.#.#...#...#.
#..##.....#.##.#..##..##
....#..#.##.#..#.#...##.
.#..#.#..##.#..####.#.#.
#....###..####.###.####.
##.##.##.#.#.####..#.#..
####.###..####.#.####..#
....#.###.##..###..#####
#####....#..#....#..##.#
#..#........#.#...###.#.
...####....#.###..###...

.##.###..#.###.#..#.##..
..#.##.#...##.#..##..#..
..#.#......#...######.#.
###.##...##.##..#...#.#.
#.##.#.###.#....########
#...#.#...##.#..###.#..#
#..#####..#...#########.
...####.#.####.##...##.#
...#.......####.#.##.##.
..#..#.##.#.##.###.###..
...##.#####..#####..####
#..####......###....#..#
.##.#.#######.#..##..#..
#...###..#..###.###.####
##.#.#....#....#.#####..
#..#######....#..######.
...#.###...#..##..###..#
..#.#.###...###....#...#
##..#..#.##....#.##....#
##.####..#..##.#.#####.#
#####.##...#.....##..#.#
..##.##.#..#####..#.##..
.#.#..######...####.###.
..###....#.#..#....###.#